[2026-05-25T17:24:26.515Z] [INFO] Injecting Spotify API...
[2026-05-25T17:24:28.516Z] [INFO] Injecting Spotify API...
[2026-05-25T17:24:30.528Z] [INFO] Injecting Spotify API...
[2026-05-25T17:24:32.534Z] [INFO] Injecting Spotify API...
[2026-05-25T17:24:34.536Z] [INFO] Injecting Spotify API...
[2026-05-25T17:24:35.370Z] [INFO] keyDown next
[2026-05-25T17:24:35.561Z] [INFO] keyUp next
[2026-05-25T17:24:35.562Z] [INFO] Injecting Spotify API...
[2026-05-25T17:24:36.412Z] [INFO] keyDown next
[2026-05-25T17:24:36.547Z] [INFO] Injecting Spotify API...
[2026-05-25T17:24:36.631Z] [INFO] keyUp next
[2026-05-25T17:24:36.632Z] [INFO] Injecting Spotify API...
[2026-05-25T17:24:38.549Z] [INFO] Injecting Spotify API...
[2026-05-25T17:24:38.861Z] [INFO] keyDown prev
[2026-05-25T17:24:39.061Z] [INFO] keyUp prev
[2026-05-25T17:24:39.063Z] [INFO] Injecting Spotify API...
[2026-05-25T17:24:39.402Z] [INFO] keyDown playpause
[2026-05-25T17:24:39.622Z] [INFO] keyUp playpause
[2026-05-25T17:24:39.623Z] [INFO] Injecting Spotify API...
[2026-05-25T17:24:40.022Z] [INFO] keyDown info
[2026-05-25T17:24:40.242Z] [INFO] keyUp info
[2026-05-25T17:24:40.552Z] [INFO] Injecting Spotify API...
[2026-05-25T17:24:40.762Z] [INFO] keyDown info
[2026-05-25T17:24:40.942Z] [INFO] keyUp info
[2026-05-25T17:24:41.311Z] [INFO] keyDown progress
[2026-05-25T17:24:41.531Z] [INFO] keyUp progress
[2026-05-25T17:24:42.322Z] [INFO] keyDown mute
[2026-05-25T17:24:42.442Z] [INFO] keyUp mute
[2026-05-25T17:24:42.443Z] [INFO] Injecting Spotify API...
[2026-05-25T17:24:42.558Z] [INFO] Injecting Spotify API...
[2026-05-25T17:24:42.751Z] [INFO] keyDown volumeup
[2026-05-25T17:24:42.931Z] [INFO] keyUp volumeup
[2026-05-25T17:24:43.336Z] [INFO] keyDown volumeup
[2026-05-25T17:24:43.391Z] [INFO] keyUp volumeup
[2026-05-25T17:24:44.566Z] [INFO] Injecting Spotify API...
[2026-05-25T17:24:46.572Z] [INFO] Injecting Spotify API...
[2026-05-25T17:24:48.577Z] [INFO] Injecting Spotify API...
[2026-05-25T17:24:50.583Z] [INFO] Injecting Spotify API...
[2026-05-25T17:24:52.586Z] [INFO] Injecting Spotify API...
[2026-05-25T17:24:54.586Z] [INFO] Injecting Spotify API...
[2026-05-25T17:24:56.587Z] [INFO] Injecting Spotify API...
[2026-05-25T17:24:58.598Z] [INFO] Injecting Spotify API...
[2026-05-25T17:25:00.612Z] [INFO] Injecting Spotify API...
[2026-05-25T17:25:02.613Z] [INFO] Injecting Spotify API...
[2026-05-25T17:25:04.618Z] [INFO] Injecting Spotify API...
[2026-05-25T17:25:06.620Z] [INFO] Injecting Spotify API...
[2026-05-25T17:25:08.622Z] [INFO] Injecting Spotify API...
[2026-05-25T17:25:10.630Z] [INFO] Injecting Spotify API...
[2026-05-25T17:25:12.635Z] [INFO] Injecting Spotify API...
[2026-05-25T17:25:14.641Z] [INFO] Injecting Spotify API...
[2026-05-25T17:25:16.652Z] [INFO] Injecting Spotify API...
[2026-05-25T17:25:18.658Z] [INFO] Injecting Spotify API...
[2026-05-25T17:25:20.663Z] [INFO] Injecting Spotify API...
[2026-05-25T17:25:22.667Z] [INFO] Injecting Spotify API...
[2026-05-25T17:25:24.675Z] [INFO] Injecting Spotify API...
[2026-05-25T17:25:26.687Z] [INFO] Injecting Spotify API...
[2026-05-25T17:25:28.693Z] [INFO] Injecting Spotify API...
[2026-05-25T17:25:30.701Z] [INFO] Injecting Spotify API...
[2026-05-25T17:25:32.712Z] [INFO] Injecting Spotify API...
[2026-05-25T17:25:34.719Z] [INFO] Injecting Spotify API...
[2026-05-25T17:25:36.725Z] [INFO] Injecting Spotify API...
[2026-05-25T17:25:38.726Z] [INFO] Injecting Spotify API...
[2026-05-25T17:25:40.727Z] [INFO] Injecting Spotify API...
[2026-05-25T17:25:42.739Z] [INFO] Injecting Spotify API...
[2026-05-25T17:25:44.745Z] [INFO] Injecting Spotify API...
[2026-05-25T17:25:46.752Z] [INFO] Injecting Spotify API...
[2026-05-25T17:25:48.759Z] [INFO] Injecting Spotify API...
[2026-05-25T17:25:50.775Z] [INFO] Injecting Spotify API...
[2026-05-25T17:25:52.788Z] [INFO] Injecting Spotify API...
[2026-05-25T17:25:54.794Z] [INFO] Injecting Spotify API...
[2026-05-25T17:25:56.805Z] [INFO] Injecting Spotify API...
[2026-05-25T17:25:58.809Z] [INFO] Injecting Spotify API...
[2026-05-25T17:26:00.824Z] [INFO] Injecting Spotify API...
[2026-05-25T17:26:02.827Z] [INFO] Injecting Spotify API...
[2026-05-25T17:26:04.833Z] [INFO] Injecting Spotify API...
[2026-05-25T17:26:06.837Z] [INFO] Injecting Spotify API...
[2026-05-25T17:26:08.841Z] [INFO] Injecting Spotify API...
[2026-05-25T17:26:10.847Z] [INFO] Injecting Spotify API...
[2026-05-25T17:26:12.848Z] [INFO] Injecting Spotify API...
[2026-05-25T17:26:14.853Z] [INFO] Injecting Spotify API...
[2026-05-25T17:26:16.857Z] [INFO] Injecting Spotify API...
[2026-05-25T17:26:18.865Z] [INFO] Injecting Spotify API...
[2026-05-25T17:26:20.871Z] [INFO] Injecting Spotify API...
[2026-05-25T17:26:22.874Z] [INFO] Injecting Spotify API...
[2026-05-25T17:26:24.878Z] [INFO] Injecting Spotify API...
[2026-05-25T17:26:26.880Z] [INFO] Injecting Spotify API...
[2026-05-25T17:26:28.883Z] [INFO] Injecting Spotify API...
[2026-05-25T17:26:30.892Z] [INFO] Injecting Spotify API...
[2026-05-25T17:26:32.904Z] [INFO] Injecting Spotify API...
[2026-05-25T17:26:34.920Z] [INFO] Injecting Spotify API...
[2026-05-25T17:26:36.921Z] [INFO] Injecting Spotify API...
[2026-05-25T17:26:38.932Z] [INFO] Injecting Spotify API...
[2026-05-25T17:26:40.935Z] [INFO] Injecting Spotify API...
[2026-05-25T17:26:42.938Z] [INFO] Injecting Spotify API...
[2026-05-25T17:26:44.939Z] [INFO] Injecting Spotify API...
[2026-05-25T17:26:46.951Z] [INFO] Injecting Spotify API...
[2026-05-25T17:26:48.955Z] [INFO] Injecting Spotify API...
[2026-05-25T17:26:50.961Z] [INFO] Injecting Spotify API...
[2026-05-25T17:26:52.966Z] [INFO] Injecting Spotify API...
[2026-05-25T17:26:54.973Z] [INFO] Injecting Spotify API...
[2026-05-25T17:26:56.982Z] [INFO] Injecting Spotify API...
[2026-05-25T17:26:58.987Z] [INFO] Injecting Spotify API...
[2026-05-25T17:27:00.993Z] [INFO] Injecting Spotify API...
[2026-05-25T17:27:02.998Z] [INFO] Injecting Spotify API...
[2026-05-25T17:27:05.005Z] [INFO] Injecting Spotify API...
[2026-05-25T17:27:07.012Z] [INFO] Injecting Spotify API...
[2026-05-25T17:27:09.026Z] [INFO] Injecting Spotify API...
[2026-05-25T17:27:11.035Z] [INFO] Injecting Spotify API...
[2026-05-25T17:27:13.038Z] [INFO] Injecting Spotify API...
[2026-05-25T17:27:15.045Z] [INFO] Injecting Spotify API...
[2026-05-25T17:27:17.055Z] [INFO] Injecting Spotify API...
[2026-05-25T17:27:19.059Z] [INFO] Injecting Spotify API...
[2026-05-25T17:27:21.069Z] [INFO] Injecting Spotify API...
[2026-05-25T17:27:23.075Z] [INFO] Injecting Spotify API...
[2026-05-25T17:27:25.087Z] [INFO] Injecting Spotify API...
[2026-05-25T17:27:27.097Z] [INFO] Injecting Spotify API...
[2026-05-25T17:27:29.110Z] [INFO] Injecting Spotify API...
[2026-05-25T17:27:31.117Z] [INFO] Injecting Spotify API...
[2026-05-25T17:27:33.130Z] [INFO] Injecting Spotify API...
